[debug] [2019-11-21T22:47:45.621Z] ----------------------------------------------------------------------
[debug] [2019-11-21T22:47:45.623Z] Command:       C:\Program Files\nodejs\node.exe C:\Users\Amy\AppData\Roaming\npm\node_modules\firebase-tools\lib\bin\firebase.js init
[debug] [2019-11-21T22:47:45.623Z] CLI Version:   7.8.1
[debug] [2019-11-21T22:47:45.623Z] Platform:      win32
[debug] [2019-11-21T22:47:45.623Z] Node Version:  v12.13.1
[debug] [2019-11-21T22:47:45.624Z] Time:          Thu Nov 21 2019 14:47:45 GMT-0800 (Pacific Standard Time)
[debug] [2019-11-21T22:47:45.624Z] ----------------------------------------------------------------------
[debug] [2019-11-21T22:47:45.624Z] 
[debug] [2019-11-21T22:47:45.631Z] > command requires scopes: ["email","openid","https://www.googleapis.com/auth/cloudplatformprojects.readonly","https://www.googleapis.com/auth/firebase","https://www.googleapis.com/auth/cloud-platform"]
[debug] [2019-11-21T22:47:45.632Z] > authorizing via signed-in user
[info] 
     ######## #### ########  ######## ########     ###     ######  ########
     ##        ##  ##     ## ##       ##     ##  ##   ##  ##       ##
     ######    ##  ########  ######   ########  #########  ######  ######
     ##        ##  ##    ##  ##       ##     ## ##     ##       ## ##
     ##       #### ##     ## ######## ########  ##     ##  ######  ########

You're about to initialize a Firebase project in this directory:

  C:\Users\Amy\Documents\team_AKA_project\public

Before we get started, keep in mind:

  * You are initializing in an existing Firebase project directory

[info] 
=== Project Setup
[info] 
[info] First, let's associate this project directory with a Firebase project.
[info] You can create multiple project aliases by running firebase use --add, 
[info] but for now we'll just set up a default project.
[info] 
[debug] [2019-11-21T22:47:55.089Z] Error: kill ENOSYS
    at process.kill (internal/process/per_thread.js:189:13)
    at process.listener (C:\Users\Amy\AppData\Roaming\npm\node_modules\firebase-tools\node_modules\signal-exit\index.js:95:15)
    at process.emit (events.js:210:5)
[error] 
[error] Error: An unexpected error has occurred.
